<?xml version="1.0" encoding="UTF-8"?>
<testsuite xmlns:xsi="http://www.w3.org/2001/XMLSchema-instance" xsi:noNamespaceSchemaLocation="https://maven.apache.org/surefire/maven-surefire-plugin/xsd/surefire-test-report-3.0.xsd" version="3.0" name="org.interviewtask2025.javaImpl.FileHandlerTest" time="0.067" tests="4" errors="0" skipped="0" failures="0">
  <properties>
[...]
</properties>
  <testcase name="processFileLineByLine_invalidOutputPath" classname="org.interviewtask2025.javaImpl.FileHandlerTest" time="0.046"/>
  <testcase name="readNumbersFromFile_validData" classname="org.interviewtask2025.javaImpl.FileHandlerTest" time="0.003"/>
  <testcase name="processFileLineByLine_shouldProcessFileCorrectly" classname="org.interviewtask2025.javaImpl.FileHandlerTest" time="0.005"/>
  <testcase name="readNumbersFromFile_invalidData" classname="org.interviewtask2025.javaImpl.FileHandlerTest" time="0.003">
    <system-err><![CDATA[Ignoring invalid token: abc
Ignoring number out of range (0-12): 13
Ignoring number out of range (0-12): -1
Ignoring number out of range (0-12): 99
Ignoring invalid token: text
]]></system-err>
  </testcase>
</testsuite>